{"name": "test_login", "status": "failed", "statusDetails": {"message": "AssertionError: Test Fail\nassert 'Log in to Facebook' == 'Facebook – log in or sign up'\n  \n  - Facebook – log in or sign up\n  + Log in to Facebook", "trace": "self = <TestCases.test_facebook_login.TestFacebook object at 0x03CA87A8>\nsetup = <selenium.webdriver.chrome.webdriver.WebDriver (session=\"6955064f4c2fb0f0cef28808644759c3\")>\n\n>   ???\nE   AssertionError: Test Fail\nE   assert 'Log in to Facebook' == 'Facebook – log in or sign up'\nE     \nE     - Facebook – log in or sign up\nE     + Log in to Facebook\n\nC:\\Users\\ASUS\\PycharmProjects\\RahulShetty\\Test Cases\\test_facebook_login.py:20: AssertionError"}, "attachments": [{"name": "log", "source": "e39ea6dd-2371-4ff1-8275-f1cafb04246c-attachment.txt", "type": "text/plain"}], "start": 1715341245755, "stop": 1715341247979, "uuid": "c5d0ab65-6ca9-447a-b860-752f9cb590e2", "historyId": "03f2d6677d754f5396bc7d59b3e2d7d3", "testCaseId": "03f2d6677d754f5396bc7d59b3e2d7d3", "fullName": "TestCases.test_facebook_login.TestFacebook#test_login", "labels": [{"name": "parentSuite", "value": "TestCases"}, {"name": "suite", "value": "test_facebook_login"}, {"name": "subSuite", "value": "TestFacebook"}, {"name": "host", "value": "LAPTOP-HN3SKDME"}, {"name": "thread", "value": "22256-MainThread"}, {"name": "framework", "value": "pytest"}, {"name": "language", "value": "cpython3"}, {"name": "package", "value": "TestCases.test_facebook_login"}]}